  [1m[35m (97.7ms)[0m  [1m[35mCREATE DATABASE "quiche_development" ENCODING = 'unicode'[0m
  ↳ bin/rails:9
  [1m[35m (40.3ms)[0m  [1m[35mCREATE DATABASE "quiche_test" ENCODING = 'unicode'[0m
  ↳ bin/rails:9
  [1m[35m (24.9ms)[0m  [1m[35mCREATE TABLE "schema_migrations" ("version" character varying NOT NULL PRIMARY KEY)[0m
  ↳ bin/rails:9
  [1m[35m (19.2ms)[0m  [1m[35mCREATE TABLE "ar_internal_metadata" ("key" character varying NOT NULL PRIMARY KEY, "value" character varying, "created_at" timestamp NOT NULL, "updated_at" timestamp NOT NULL)[0m
  ↳ bin/rails:9
  [1m[35m (0.1ms)[0m  [1m[34mSELECT pg_try_advisory_lock(1641394129393257645)[0m
  ↳ bin/rails:9
  [1m[35m (0.3ms)[0m  [1m[34mSELECT "schema_migrations"."version" FROM "schema_migrations" ORDER BY "schema_migrations"."version" ASC[0m
  ↳ bin/rails:9
Migrating to CreateUsers (20200727162638)
  [1m[35m (0.1ms)[0m  [1m[35mBEGIN[0m
  ↳ bin/rails:9
  [1m[35m (1.0ms)[0m  [1m[35mCREATE UNIQUE INDEX  "index_users_on_email" ON "users"  ("email")[0m
  ↳ db/migrate/20200727162638_create_users.rb:10
  [1m[35m (0.1ms)[0m  [1m[31mROLLBACK[0m
  ↳ bin/rails:9
  [1m[35m (0.1ms)[0m  [1m[34mSELECT pg_advisory_unlock(1641394129393257645)[0m
  ↳ bin/rails:9
  [1m[35m (0.2ms)[0m  [1m[34mSELECT pg_try_advisory_lock(1641394129393257645)[0m
  ↳ bin/rails:9
  [1m[35m (0.5ms)[0m  [1m[34mSELECT "schema_migrations"."version" FROM "schema_migrations" ORDER BY "schema_migrations"."version" ASC[0m
  ↳ bin/rails:9
Migrating to CreateUsers (20200727162638)
  [1m[35m (0.1ms)[0m  [1m[35mBEGIN[0m
  ↳ bin/rails:9
  [1m[35m (8.2ms)[0m  [1m[35mCREATE TABLE "users" ("id" bigserial primary key, "email" character varying NOT NULL, "firstName" character varying NOT NULL, "lastName" character varying NOT NULL, "password_digest" character varying NOT NULL, "session_token" character varying NOT NULL, "created_at" timestamp NOT NULL, "updated_at" timestamp NOT NULL)[0m
  ↳ db/migrate/20200727162638_create_users.rb:3
  [1m[35m (0.7ms)[0m  [1m[35mCREATE UNIQUE INDEX  "index_users_on_email" ON "users"  ("email")[0m
  ↳ db/migrate/20200727162638_create_users.rb:13
  [1m[35m (0.7ms)[0m  [1m[35mCREATE UNIQUE INDEX  "index_users_on_session_token" ON "users"  ("session_token")[0m
  ↳ db/migrate/20200727162638_create_users.rb:14
  [1m[36mActiveRecord::SchemaMigration Create (0.3ms)[0m  [1m[32mINSERT INTO "schema_migrations" ("version") VALUES ($1) RETURNING "version"[0m  [["version", "20200727162638"]]
  ↳ bin/rails:9
  [1m[35m (0.3ms)[0m  [1m[35mCOMMIT[0m
  ↳ bin/rails:9
  [1m[36mActiveRecord::InternalMetadata Load (0.3ms)[0m  [1m[34mSELECT  "ar_internal_metadata".* FROM "ar_internal_metadata" WHERE "ar_internal_metadata"."key" = $1 LIMIT $2[0m  [["key", "environment"], ["LIMIT", 1]]
  ↳ bin/rails:9
  [1m[35m (0.1ms)[0m  [1m[35mBEGIN[0m
  ↳ bin/rails:9
  [1m[36mActiveRecord::InternalMetadata Create (0.3ms)[0m  [1m[32mINSERT INTO "ar_internal_metadata" ("key", "value", "created_at", "updated_at") VALUES ($1, $2, $3, $4) RETURNING "key"[0m  [["key", "environment"], ["value", "development"], ["created_at", "2020-07-27 16:36:47.634475"], ["updated_at", "2020-07-27 16:36:47.634475"]]
  ↳ bin/rails:9
  [1m[35m (6.5ms)[0m  [1m[35mCOMMIT[0m
  ↳ bin/rails:9
  [1m[35m (0.2ms)[0m  [1m[34mSELECT pg_advisory_unlock(1641394129393257645)[0m
  ↳ bin/rails:9
  [1m[35m (0.2ms)[0m  [1m[34mSELECT "schema_migrations"."version" FROM "schema_migrations" ORDER BY "schema_migrations"."version" ASC[0m
  ↳ bin/rails:9
Started GET "/" for ::1 at 2020-07-27 13:44:43 -0400
  [1m[35m (0.5ms)[0m  [1m[34mSELECT "schema_migrations"."version" FROM "schema_migrations" ORDER BY "schema_migrations"."version" ASC[0m
  ↳ /Users/nara/.rbenv/versions/2.5.1/lib/ruby/gems/2.5.0/gems/activerecord-5.2.4.3/lib/active_record/log_subscriber.rb:98
Processing by StaticPagesController#root as HTML
Completed 406 Not Acceptable in 78ms (ActiveRecord: 0.0ms)



ActionController::UnknownFormat - StaticPagesController#root is missing a template for this request format and variant.

request.formats: ["text/html"]
request.variant: []

NOTE! For XHR/Ajax or API requests, this action would normally respond with 204 No Content: an empty white screen. Since you're loading it in a web browser, we assume that you expected to actually render a template, not nothing, so we're showing an error to be extra-clear. If you expect 204 No Content, carry on. That's what you'll get from an XHR or API request. Give it a shot.:

Started POST "/__better_errors/1c488129a537d415/variables" for ::1 at 2020-07-27 13:44:44 -0400
Started GET "/" for ::1 at 2020-07-27 14:01:33 -0400
Processing by StaticPagesController#root as HTML
  Rendering static_pages/root.html.erb within layouts/application
  Rendered static_pages/root.html.erb within layouts/application (1.0ms)
Completed 200 OK in 916ms (Views: 914.2ms | ActiveRecord: 0.0ms)


Started GET "/" for ::1 at 2020-07-27 14:07:13 -0400
Processing by StaticPagesController#root as HTML
  Rendering static_pages/root.html.erb within layouts/application
  Rendered static_pages/root.html.erb within layouts/application (0.2ms)
Completed 200 OK in 15ms (Views: 13.9ms | ActiveRecord: 0.0ms)


Started GET "/" for ::1 at 2020-07-27 14:14:42 -0400
Processing by StaticPagesController#root as HTML
  Rendering static_pages/root.html.erb within layouts/application
  Rendered static_pages/root.html.erb within layouts/application (0.2ms)
Completed 200 OK in 189ms (Views: 187.9ms | ActiveRecord: 0.0ms)


Started GET "/" for ::1 at 2020-07-27 14:15:11 -0400
Processing by StaticPagesController#root as HTML
  Rendering static_pages/root.html.erb within layouts/application
  Rendered static_pages/root.html.erb within layouts/application (0.2ms)
Completed 200 OK in 190ms (Views: 188.5ms | ActiveRecord: 0.0ms)


Started GET "/" for ::1 at 2020-07-27 14:16:28 -0400
Processing by StaticPagesController#root as HTML
  Rendering static_pages/root.html.erb within layouts/application
  Rendered static_pages/root.html.erb within layouts/application (0.2ms)
Completed 200 OK in 18ms (Views: 16.4ms | ActiveRecord: 0.0ms)


Started GET "/" for ::1 at 2020-07-27 14:19:53 -0400
Processing by StaticPagesController#root as HTML
  Rendering static_pages/root.html.erb within layouts/application
  Rendered static_pages/root.html.erb within layouts/application (0.2ms)
Completed 200 OK in 192ms (Views: 189.8ms | ActiveRecord: 0.0ms)


Started GET "/" for ::1 at 2020-07-27 14:20:12 -0400
Processing by StaticPagesController#root as HTML
  Rendering static_pages/root.html.erb within layouts/application
  Rendered static_pages/root.html.erb within layouts/application (0.2ms)
Completed 200 OK in 211ms (Views: 209.2ms | ActiveRecord: 0.0ms)


Started GET "/" for ::1 at 2020-07-27 14:20:28 -0400
Processing by StaticPagesController#root as HTML
  Rendering static_pages/root.html.erb within layouts/application
  Rendered static_pages/root.html.erb within layouts/application (0.2ms)
Completed 200 OK in 228ms (Views: 226.3ms | ActiveRecord: 0.0ms)


Started GET "/" for ::1 at 2020-07-27 15:42:46 -0400
  [1m[35m (0.5ms)[0m  [1m[34mSELECT "schema_migrations"."version" FROM "schema_migrations" ORDER BY "schema_migrations"."version" ASC[0m
  ↳ /Users/nara/.rbenv/versions/2.5.1/lib/ruby/gems/2.5.0/gems/activerecord-5.2.4.3/lib/active_record/log_subscriber.rb:98

ActiveRecord::PendingMigrationError - Migrations are pending. To resolve this issue, run:

        bin/rails db:migrate RAILS_ENV=development

:

Started POST "/__better_errors/f78cc1c054191567/variables" for ::1 at 2020-07-27 15:42:46 -0400
  [1m[35m (0.5ms)[0m  [1m[34mSELECT "schema_migrations"."version" FROM "schema_migrations" ORDER BY "schema_migrations"."version" ASC[0m
  ↳ bin/rails:9
  [1m[35m (0.1ms)[0m  [1m[34mSELECT pg_try_advisory_lock(1641394129393257645)[0m
  ↳ bin/rails:9
  [1m[35m (0.5ms)[0m  [1m[34mSELECT "schema_migrations"."version" FROM "schema_migrations" ORDER BY "schema_migrations"."version" ASC[0m
  ↳ bin/rails:9
Migrating to CreateAssets (20200727190844)
  [1m[35m (0.1ms)[0m  [1m[35mBEGIN[0m
  ↳ bin/rails:9
  [1m[35m (3.8ms)[0m  [1m[35mCREATE TABLE "assets" ("id" bigserial primary key, "ticker" character varying NOT NULL, "asset_name" character varying, "created_at" timestamp NOT NULL, "updated_at" timestamp NOT NULL)[0m
  ↳ db/migrate/20200727190844_create_assets.rb:3
  [1m[35m (0.6ms)[0m  [1m[35mCREATE UNIQUE INDEX  "index_assets_on_ticker" ON "assets"  ("ticker")[0m
  ↳ db/migrate/20200727190844_create_assets.rb:9
  [1m[36mActiveRecord::SchemaMigration Create (0.2ms)[0m  [1m[32mINSERT INTO "schema_migrations" ("version") VALUES ($1) RETURNING "version"[0m  [["version", "20200727190844"]]
  ↳ bin/rails:9
  [1m[35m (0.3ms)[0m  [1m[35mCOMMIT[0m
  ↳ bin/rails:9
Migrating to CreateTransactions (20200727190940)
  [1m[35m (0.1ms)[0m  [1m[35mBEGIN[0m
  ↳ bin/rails:9
  [1m[35m (3.1ms)[0m  [1m[35mCREATE TABLE "transactions" ("id" bigserial primary key, "user_id" integer NOT NULL, "asset_id" integer NOT NULL, "transaction_type" character varying NOT NULL, "transaction_amount" float NOT NULL, "quantity" integer NOT NULL, "created_at" timestamp NOT NULL, "updated_at" timestamp NOT NULL)[0m
  ↳ db/migrate/20200727190940_create_transactions.rb:3
  [1m[35m (0.6ms)[0m  [1m[35mCREATE  INDEX  "index_transactions_on_user_id" ON "transactions"  ("user_id")[0m
  ↳ db/migrate/20200727190940_create_transactions.rb:13
  [1m[35m (0.6ms)[0m  [1m[35mCREATE  INDEX  "index_transactions_on_asset_id" ON "transactions"  ("asset_id")[0m
  ↳ db/migrate/20200727190940_create_transactions.rb:14
  [1m[36mActiveRecord::SchemaMigration Create (0.1ms)[0m  [1m[32mINSERT INTO "schema_migrations" ("version") VALUES ($1) RETURNING "version"[0m  [["version", "20200727190940"]]
  ↳ bin/rails:9
  [1m[35m (0.2ms)[0m  [1m[35mCOMMIT[0m
  ↳ bin/rails:9
  [1m[36mActiveRecord::InternalMetadata Load (0.2ms)[0m  [1m[34mSELECT  "ar_internal_metadata".* FROM "ar_internal_metadata" WHERE "ar_internal_metadata"."key" = $1 LIMIT $2[0m  [["key", "environment"], ["LIMIT", 1]]
  ↳ bin/rails:9
  [1m[35m (0.1ms)[0m  [1m[35mBEGIN[0m
  ↳ bin/rails:9
  [1m[35m (0.1ms)[0m  [1m[35mCOMMIT[0m
  ↳ bin/rails:9
  [1m[35m (0.2ms)[0m  [1m[34mSELECT pg_advisory_unlock(1641394129393257645)[0m
  ↳ bin/rails:9
  [1m[35m (0.1ms)[0m  [1m[34mSELECT "schema_migrations"."version" FROM "schema_migrations" ORDER BY "schema_migrations"."version" ASC[0m
  ↳ bin/rails:9
Started GET "/" for ::1 at 2020-07-27 15:48:51 -0400
  [1m[35m (0.5ms)[0m  [1m[34mSELECT "schema_migrations"."version" FROM "schema_migrations" ORDER BY "schema_migrations"."version" ASC[0m
  ↳ /Users/nara/.rbenv/versions/2.5.1/lib/ruby/gems/2.5.0/gems/activerecord-5.2.4.3/lib/active_record/log_subscriber.rb:98
Processing by StaticPagesController#root as HTML
  Rendering static_pages/root.html.erb within layouts/application
  Rendered static_pages/root.html.erb within layouts/application (0.2ms)
Completed 200 OK in 228ms (Views: 226.4ms | ActiveRecord: 0.0ms)


Started GET "/" for ::1 at 2020-07-27 15:49:07 -0400
Processing by StaticPagesController#root as HTML
  Rendering static_pages/root.html.erb within layouts/application
  Rendered static_pages/root.html.erb within layouts/application (0.2ms)
Completed 200 OK in 136ms (Views: 134.6ms | ActiveRecord: 0.0ms)


Started GET "/" for ::1 at 2020-07-27 15:54:27 -0400
Processing by StaticPagesController#root as HTML
  Rendering static_pages/root.html.erb within layouts/application
  Rendered static_pages/root.html.erb within layouts/application (0.2ms)
Completed 200 OK in 223ms (Views: 221.8ms | ActiveRecord: 0.0ms)


Started GET "/" for ::1 at 2020-07-27 15:54:34 -0400
Processing by StaticPagesController#root as HTML
  Rendering static_pages/root.html.erb within layouts/application
  Rendered static_pages/root.html.erb within layouts/application (0.2ms)
Completed 200 OK in 214ms (Views: 213.0ms | ActiveRecord: 0.0ms)


Started GET "/" for ::1 at 2020-07-27 15:54:41 -0400
Processing by StaticPagesController#root as HTML
  Rendering static_pages/root.html.erb within layouts/application
  Rendered static_pages/root.html.erb within layouts/application (0.2ms)
Completed 200 OK in 26ms (Views: 24.0ms | ActiveRecord: 0.0ms)


Started POST "/api/users" for ::1 at 2020-07-27 15:54:53 -0400
Processing by Api::UsersController#create as JSON
  Parameters: {"user"=>{"user"=>{"email"=>"hello@test.com", "firstName"=>"nara", "lastName"=>"lee", "password"=>"[FILTERED]"}}}
Unpermitted parameter: :user
Completed 500 Internal Server Error in 12ms (ActiveRecord: 5.7ms)



NoMethodError - undefined method `base' for SecureRandom:Module
Did you mean?  base64:
  app/models/user.rb:27:in `ensure_session_token'
  app/controllers/api/users_controller.rb:3:in `create'

Started GET "/" for ::1 at 2020-07-27 15:55:51 -0400
Processing by StaticPagesController#root as HTML
  Rendering static_pages/root.html.erb within layouts/application
  Rendered static_pages/root.html.erb within layouts/application (0.2ms)
Completed 200 OK in 210ms (Views: 208.1ms | ActiveRecord: 0.0ms)


Started POST "/api/users" for ::1 at 2020-07-27 15:55:59 -0400
Processing by Api::UsersController#create as JSON
  Parameters: {"user"=>{"email"=>"hello@test.com", "firstName"=>"nara", "lastName"=>"lee", "password"=>"[FILTERED]"}}
Completed 500 Internal Server Error in 163ms (ActiveRecord: 0.0ms)



NoMethodError - undefined method `base' for SecureRandom:Module
Did you mean?  base64:
  app/models/user.rb:27:in `ensure_session_token'
  app/controllers/api/users_controller.rb:3:in `create'

Started GET "/" for ::1 at 2020-07-27 15:57:30 -0400
Processing by StaticPagesController#root as HTML
  Rendering static_pages/root.html.erb within layouts/application
  Rendered static_pages/root.html.erb within layouts/application (0.2ms)
Completed 200 OK in 18ms (Views: 17.0ms | ActiveRecord: 0.0ms)


Started POST "/api/users" for ::1 at 2020-07-27 15:57:33 -0400
Processing by Api::UsersController#create as JSON
  Parameters: {"user"=>{"email"=>"hello@test.com", "firstName"=>"nara", "lastName"=>"lee", "password"=>"[FILTERED]"}}
  [1m[35m (0.1ms)[0m  [1m[35mBEGIN[0m
  ↳ app/controllers/api/users_controller.rb:5
  [1m[36mUser Exists (0.8ms)[0m  [1m[34mSELECT  1 AS one FROM "users" WHERE "users"."email" = $1 LIMIT $2[0m  [["email", "hello@test.com"], ["LIMIT", 1]]
  ↳ app/controllers/api/users_controller.rb:5
  [1m[36mUser Exists (0.2ms)[0m  [1m[34mSELECT  1 AS one FROM "users" WHERE "users"."password_digest" = $1 LIMIT $2[0m  [["password_digest", "$2a$12$8foo4CpvEB6rgVsqCkUqU.htLhi69qFRmiacjR1G05NsYuWA2x6yK"], ["LIMIT", 1]]
  ↳ app/controllers/api/users_controller.rb:5
  [1m[36mUser Create (0.5ms)[0m  [1m[32mINSERT INTO "users" ("email", "firstName", "lastName", "password_digest", "session_token", "created_at", "updated_at") VALUES ($1, $2, $3, $4, $5, $6, $7) RETURNING "id"[0m  [["email", "hello@test.com"], ["firstName", "nara"], ["lastName", "lee"], ["password_digest", "$2a$12$8foo4CpvEB6rgVsqCkUqU.htLhi69qFRmiacjR1G05NsYuWA2x6yK"], ["session_token", "M-Tx77wAkhOu4qSa8cYlig"], ["created_at", "2020-07-27 19:57:33.675864"], ["updated_at", "2020-07-27 19:57:33.675864"]]
  ↳ app/controllers/api/users_controller.rb:5
  [1m[35m (5.8ms)[0m  [1m[35mCOMMIT[0m
  ↳ app/controllers/api/users_controller.rb:5
Completed 500 Internal Server Error in 235ms (ActiveRecord: 10.8ms)



NoMethodError - undefined method `login' for #<Api::UsersController:0x00007fac04fa2028>
Did you mean?  login!:
  app/controllers/api/users_controller.rb:6:in `create'

Started GET "/" for ::1 at 2020-07-27 15:58:14 -0400
Processing by StaticPagesController#root as HTML
  Rendering static_pages/root.html.erb within layouts/application
  Rendered static_pages/root.html.erb within layouts/application (0.3ms)
Completed 200 OK in 18ms (Views: 16.7ms | ActiveRecord: 0.0ms)


Started POST "/api/users" for ::1 at 2020-07-27 15:58:15 -0400
Processing by Api::UsersController#create as JSON
  Parameters: {"user"=>{"email"=>"hello@test.com", "firstName"=>"nara", "lastName"=>"lee", "password"=>"[FILTERED]"}}
  [1m[35m (0.1ms)[0m  [1m[35mBEGIN[0m
  ↳ app/controllers/api/users_controller.rb:5
  [1m[36mUser Exists (0.3ms)[0m  [1m[34mSELECT  1 AS one FROM "users" WHERE "users"."email" = $1 LIMIT $2[0m  [["email", "hello@test.com"], ["LIMIT", 1]]
  ↳ app/controllers/api/users_controller.rb:5
  [1m[36mUser Exists (0.4ms)[0m  [1m[34mSELECT  1 AS one FROM "users" WHERE "users"."password_digest" = $1 LIMIT $2[0m  [["password_digest", "$2a$12$oNyWZ.sA3e05Rg3vPsllGeJ7YnTRbssHJTYsHgSCgSomZJYwrs4Sm"], ["LIMIT", 1]]
  ↳ app/controllers/api/users_controller.rb:5
  [1m[35m (0.1ms)[0m  [1m[31mROLLBACK[0m
  ↳ app/controllers/api/users_controller.rb:5
Completed 422 Unprocessable Entity in 183ms (Views: 0.2ms | ActiveRecord: 5.0ms)


  [1m[36mUser Load (0.6ms)[0m  [1m[34mSELECT "users".* FROM "users"[0m
Started POST "/api/session" for ::1 at 2020-07-27 16:00:15 -0400
Processing by Api::SessionsController#create as JSON
  Parameters: {"user"=>{"email"=>"hello@test.com", "firstName"=>"nara", "lastName"=>"lee", "password"=>"[FILTERED]"}}
  [1m[36mUser Load (0.2ms)[0m  [1m[34mSELECT  "users".* FROM "users" WHERE "users"."email" IS NULL LIMIT $1[0m  [["LIMIT", 1]]
  ↳ app/models/user.rb:12
Completed 401 Unauthorized in 1ms (Views: 0.1ms | ActiveRecord: 0.3ms)


Started POST "/api/session" for ::1 at 2020-07-27 16:02:43 -0400
Processing by Api::SessionsController#create as JSON
  Parameters: {"user"=>{"email"=>"hello@test.com", "firstName"=>"nara", "lastName"=>"lee", "password"=>"[FILTERED]"}}
  [1m[36mUser Load (0.1ms)[0m  [1m[34mSELECT  "users".* FROM "users" WHERE "users"."email" IS NULL LIMIT $1[0m  [["LIMIT", 1]]
  ↳ app/models/user.rb:12
Completed 401 Unauthorized in 4ms (Views: 0.1ms | ActiveRecord: 1.2ms)


  [1m[36mUser Load (0.3ms)[0m  [1m[34mSELECT "users".* FROM "users"[0m
  [1m[35m (0.4ms)[0m  [1m[34mSELECT COUNT(*) FROM "users"[0m
Started GET "/" for ::1 at 2020-07-27 16:05:46 -0400
Processing by StaticPagesController#root as HTML
  Rendering static_pages/root.html.erb within layouts/application
  Rendered static_pages/root.html.erb within layouts/application (0.2ms)
Completed 200 OK in 18ms (Views: 16.8ms | ActiveRecord: 0.0ms)


Started GET "/" for ::1 at 2020-07-27 16:06:34 -0400
Processing by StaticPagesController#root as HTML
  Rendering static_pages/root.html.erb within layouts/application
  Rendered static_pages/root.html.erb within layouts/application (0.2ms)
Completed 200 OK in 209ms (Views: 207.4ms | ActiveRecord: 0.0ms)


Started POST "/api/users" for ::1 at 2020-07-27 16:06:52 -0400
Processing by Api::UsersController#create as JSON
  Parameters: {"user"=>{"email"=>"yellow@test.com", "firstName"=>"yellow", "lastName"=>"dark", "password"=>"[FILTERED]"}}
  [1m[35m (0.1ms)[0m  [1m[35mBEGIN[0m
  ↳ app/controllers/api/users_controller.rb:5
  [1m[36mUser Exists (0.2ms)[0m  [1m[34mSELECT  1 AS one FROM "users" WHERE "users"."email" = $1 LIMIT $2[0m  [["email", "yellow@test.com"], ["LIMIT", 1]]
  ↳ app/controllers/api/users_controller.rb:5
  [1m[36mUser Exists (0.2ms)[0m  [1m[34mSELECT  1 AS one FROM "users" WHERE "users"."password_digest" = $1 LIMIT $2[0m  [["password_digest", "$2a$12$f3IEjqKOxPDojT2ayoAcieRT/POkQJVp4Gi9poKttBH0hJIAfdTWu"], ["LIMIT", 1]]
  ↳ app/controllers/api/users_controller.rb:5
  [1m[36mUser Create (0.2ms)[0m  [1m[32mINSERT INTO "users" ("email", "firstName", "lastName", "password_digest", "session_token", "created_at", "updated_at") VALUES ($1, $2, $3, $4, $5, $6, $7) RETURNING "id"[0m  [["email", "yellow@test.com"], ["firstName", "yellow"], ["lastName", "dark"], ["password_digest", "$2a$12$f3IEjqKOxPDojT2ayoAcieRT/POkQJVp4Gi9poKttBH0hJIAfdTWu"], ["session_token", "XOAXd-YtCv497dQIj0zEJw"], ["created_at", "2020-07-27 20:06:53.175914"], ["updated_at", "2020-07-27 20:06:53.175914"]]
  ↳ app/controllers/api/users_controller.rb:5
  [1m[35m (5.7ms)[0m  [1m[35mCOMMIT[0m
  ↳ app/controllers/api/users_controller.rb:5
Completed 500 Internal Server Error in 282ms (ActiveRecord: 9.6ms)



NameError - undefined local variable or method `sesssion' for #<Api::UsersController:0x00007fac55d34da8>
Did you mean?  session:
  app/controllers/application_controller.rb:16:in `login!'
  app/controllers/api/users_controller.rb:6:in `create'

Started GET "/" for ::1 at 2020-07-27 16:09:32 -0400
Processing by StaticPagesController#root as HTML
  Rendering static_pages/root.html.erb within layouts/application
  Rendered static_pages/root.html.erb within layouts/application (0.2ms)
Completed 200 OK in 24ms (Views: 22.9ms | ActiveRecord: 0.0ms)


  [1m[35m (0.3ms)[0m  [1m[34mSELECT COUNT(*) FROM "users"[0m
  [1m[36mUser Load (0.3ms)[0m  [1m[34mSELECT "users".* FROM "users"[0m
  [1m[35m (0.1ms)[0m  [1m[35mBEGIN[0m
  [1m[36mUser Destroy (0.5ms)[0m  [1m[31mDELETE FROM "users" WHERE "users"."id" = $1[0m  [["id", 1]]
  [1m[35m (6.2ms)[0m  [1m[35mCOMMIT[0m
  [1m[35m (0.1ms)[0m  [1m[35mBEGIN[0m
  [1m[36mUser Destroy (0.2ms)[0m  [1m[31mDELETE FROM "users" WHERE "users"."id" = $1[0m  [["id", 2]]
  [1m[35m (5.9ms)[0m  [1m[35mCOMMIT[0m
  [1m[36mUser Load (0.3ms)[0m  [1m[34mSELECT "users".* FROM "users"[0m
Started POST "/api/users" for ::1 at 2020-07-27 16:09:57 -0400
Processing by Api::UsersController#create as JSON
  Parameters: {"user"=>{"email"=>"hello@test.com", "firstName"=>"nara", "lastName"=>"lee", "password"=>"[FILTERED]"}}
  [1m[35m (0.1ms)[0m  [1m[35mBEGIN[0m
  ↳ app/controllers/api/users_controller.rb:5
  [1m[36mUser Exists (0.5ms)[0m  [1m[34mSELECT  1 AS one FROM "users" WHERE "users"."email" = $1 LIMIT $2[0m  [["email", "hello@test.com"], ["LIMIT", 1]]
  ↳ app/controllers/api/users_controller.rb:5
  [1m[36mUser Exists (0.2ms)[0m  [1m[34mSELECT  1 AS one FROM "users" WHERE "users"."password_digest" = $1 LIMIT $2[0m  [["password_digest", "$2a$12$3EerQbPyCURO34BiKxcB8e5hvx1GPJE5RnIuYAWJEXBexBbQeBs.y"], ["LIMIT", 1]]
  ↳ app/controllers/api/users_controller.rb:5
  [1m[36mUser Create (0.2ms)[0m  [1m[32mINSERT INTO "users" ("email", "firstName", "lastName", "password_digest", "session_token", "created_at", "updated_at") VALUES ($1, $2, $3, $4, $5, $6, $7) RETURNING "id"[0m  [["email", "hello@test.com"], ["firstName", "nara"], ["lastName", "lee"], ["password_digest", "$2a$12$3EerQbPyCURO34BiKxcB8e5hvx1GPJE5RnIuYAWJEXBexBbQeBs.y"], ["session_token", "8VXbGDYowKAoUAEqSv0fUA"], ["created_at", "2020-07-27 20:09:57.224285"], ["updated_at", "2020-07-27 20:09:57.224285"]]
  ↳ app/controllers/api/users_controller.rb:5
  [1m[35m (5.6ms)[0m  [1m[35mCOMMIT[0m
  ↳ app/controllers/api/users_controller.rb:5
Completed 500 Internal Server Error in 235ms (ActiveRecord: 9.8ms)



NoMethodError - undefined method `login!' for #<Api::UsersController:0x00007fabf1acc5e8>
Did you mean?  login:
  app/controllers/api/users_controller.rb:6:in `create'

  [1m[36mUser Load (0.3ms)[0m  [1m[34mSELECT "users".* FROM "users"[0m
  [1m[35m (0.1ms)[0m  [1m[35mBEGIN[0m
  [1m[36mUser Destroy (0.2ms)[0m  [1m[31mDELETE FROM "users" WHERE "users"."id" = $1[0m  [["id", 3]]
  [1m[35m (5.7ms)[0m  [1m[35mCOMMIT[0m
Started GET "/" for ::1 at 2020-07-27 16:10:19 -0400
Processing by StaticPagesController#root as HTML
  Rendering static_pages/root.html.erb within layouts/application
  Rendered static_pages/root.html.erb within layouts/application (0.2ms)
Completed 200 OK in 17ms (Views: 15.7ms | ActiveRecord: 0.0ms)


Started POST "/api/users" for ::1 at 2020-07-27 16:10:21 -0400
Processing by Api::UsersController#create as JSON
  Parameters: {"user"=>{"email"=>"hello@test.com", "firstName"=>"nara", "lastName"=>"lee", "password"=>"[FILTERED]"}}
  [1m[35m (0.1ms)[0m  [1m[35mBEGIN[0m
  ↳ app/controllers/api/users_controller.rb:5
  [1m[36mUser Exists (0.2ms)[0m  [1m[34mSELECT  1 AS one FROM "users" WHERE "users"."email" = $1 LIMIT $2[0m  [["email", "hello@test.com"], ["LIMIT", 1]]
  ↳ app/controllers/api/users_controller.rb:5
  [1m[36mUser Exists (0.1ms)[0m  [1m[34mSELECT  1 AS one FROM "users" WHERE "users"."password_digest" = $1 LIMIT $2[0m  [["password_digest", "$2a$12$DTtXj9oH9K2LvF4Ii5X3ueYa/ExhdKd0XmSTYR0PM818MvA9VSPK6"], ["LIMIT", 1]]
  ↳ app/controllers/api/users_controller.rb:5
  [1m[36mUser Create (0.2ms)[0m  [1m[32mINSERT INTO "users" ("email", "firstName", "lastName", "password_digest", "session_token", "created_at", "updated_at") VALUES ($1, $2, $3, $4, $5, $6, $7) RETURNING "id"[0m  [["email", "hello@test.com"], ["firstName", "nara"], ["lastName", "lee"], ["password_digest", "$2a$12$DTtXj9oH9K2LvF4Ii5X3ueYa/ExhdKd0XmSTYR0PM818MvA9VSPK6"], ["session_token", "zJ3F-HqUi4uZ17ejFlclGQ"], ["created_at", "2020-07-27 20:10:22.143841"], ["updated_at", "2020-07-27 20:10:22.143841"]]
  ↳ app/controllers/api/users_controller.rb:5
  [1m[35m (5.7ms)[0m  [1m[35mCOMMIT[0m
  ↳ app/controllers/api/users_controller.rb:5
  [1m[35m (0.1ms)[0m  [1m[35mBEGIN[0m
  ↳ app/models/user.rb:32
  [1m[36mUser Exists (0.3ms)[0m  [1m[34mSELECT  1 AS one FROM "users" WHERE "users"."email" = $1 AND "users"."id" != $2 LIMIT $3[0m  [["email", "hello@test.com"], ["id", 4], ["LIMIT", 1]]
  ↳ app/models/user.rb:32
  [1m[36mUser Exists (0.2ms)[0m  [1m[34mSELECT  1 AS one FROM "users" WHERE "users"."password_digest" = $1 AND "users"."id" != $2 LIMIT $3[0m  [["password_digest", "$2a$12$DTtXj9oH9K2LvF4Ii5X3ueYa/ExhdKd0XmSTYR0PM818MvA9VSPK6"], ["id", 4], ["LIMIT", 1]]
  ↳ app/models/user.rb:32
  [1m[36mUser Update (0.3ms)[0m  [1m[33mUPDATE "users" SET "session_token" = $1, "updated_at" = $2 WHERE "users"."id" = $3[0m  [["session_token", "myHVnGs6EyXSxES2s139LQ"], ["updated_at", "2020-07-27 20:10:22.151961"], ["id", 4]]
  ↳ app/models/user.rb:32
  [1m[35m (0.2ms)[0m  [1m[35mCOMMIT[0m
  ↳ app/models/user.rb:32
No template found for Api::UsersController#create, rendering head :no_content
Completed 204 No Content in 258ms (ActiveRecord: 11.0ms)


  [1m[36mUser Load (0.3ms)[0m  [1m[34mSELECT "users".* FROM "users"[0m
Started DELETE "/api/session" for ::1 at 2020-07-27 16:11:11 -0400
Processing by Api::SessionsController#destroy as JSON
  [1m[36mUser Load (0.2ms)[0m  [1m[34mSELECT  "users".* FROM "users" WHERE "users"."session_token" = $1 LIMIT $2[0m  [["session_token", "myHVnGs6EyXSxES2s139LQ"], ["LIMIT", 1]]
  ↳ app/controllers/application_controller.rb:6
  [1m[35m (0.1ms)[0m  [1m[35mBEGIN[0m
  ↳ app/models/user.rb:32
  [1m[36mUser Exists (0.3ms)[0m  [1m[34mSELECT  1 AS one FROM "users" WHERE "users"."email" = $1 AND "users"."id" != $2 LIMIT $3[0m  [["email", "hello@test.com"], ["id", 4], ["LIMIT", 1]]
  ↳ app/models/user.rb:32
  [1m[36mUser Exists (0.1ms)[0m  [1m[34mSELECT  1 AS one FROM "users" WHERE "users"."password_digest" = $1 AND "users"."id" != $2 LIMIT $3[0m  [["password_digest", "$2a$12$DTtXj9oH9K2LvF4Ii5X3ueYa/ExhdKd0XmSTYR0PM818MvA9VSPK6"], ["id", 4], ["LIMIT", 1]]
  ↳ app/models/user.rb:32
  [1m[36mUser Update (0.2ms)[0m  [1m[33mUPDATE "users" SET "session_token" = $1, "updated_at" = $2 WHERE "users"."id" = $3[0m  [["session_token", "CauOBF_JLheElwaCUgbwcA"], ["updated_at", "2020-07-27 20:11:11.460798"], ["id", 4]]
  ↳ app/models/user.rb:32
  [1m[35m (5.6ms)[0m  [1m[35mCOMMIT[0m
  ↳ app/models/user.rb:32
Completed 500 Internal Server Error in 19ms (ActiveRecord: 6.5ms)



ActionView::MissingTemplate - Missing template api/sessions/destroy, application/destroy with {:locale=>[:en], :formats=>[:json], :variants=>[], :handlers=>[:raw, :erb, :html, :builder, :ruby, :coffee, :jbuilder]}. Searched in:
  * "/Users/nara/Library/Mobile Documents/com~apple~CloudDocs/quiche/app/views"
:
  app/controllers/api/sessions_controller.rb:16:in `destroy'

Started GET "/" for ::1 at 2020-07-27 16:11:40 -0400
Processing by StaticPagesController#root as HTML
  Rendering static_pages/root.html.erb within layouts/application
  Rendered static_pages/root.html.erb within layouts/application (0.2ms)
Completed 200 OK in 19ms (Views: 18.0ms | ActiveRecord: 0.0ms)


Started POST "/api/session" for ::1 at 2020-07-27 16:11:54 -0400
Processing by Api::SessionsController#create as JSON
  Parameters: {"user"=>{"email"=>"hello@test.com", "firstName"=>"nara", "lastName"=>"lee", "password"=>"[FILTERED]"}}
  [1m[36mUser Load (0.2ms)[0m  [1m[34mSELECT  "users".* FROM "users" WHERE "users"."email" IS NULL LIMIT $1[0m  [["LIMIT", 1]]
  ↳ app/models/user.rb:12
Completed 401 Unauthorized in 5ms (Views: 0.2ms | ActiveRecord: 1.4ms)


Started DELETE "/api/session" for ::1 at 2020-07-27 16:12:04 -0400
Processing by Api::SessionsController#destroy as JSON
  [1m[36mUser Load (0.2ms)[0m  [1m[34mSELECT  "users".* FROM "users" WHERE "users"."session_token" = $1 LIMIT $2[0m  [["session_token", "myHVnGs6EyXSxES2s139LQ"], ["LIMIT", 1]]
  ↳ app/controllers/application_controller.rb:6
Completed 404 Not Found in 1ms (Views: 0.1ms | ActiveRecord: 0.2ms)


Started GET "/" for ::1 at 2020-07-27 16:15:23 -0400
Processing by StaticPagesController#root as HTML
  Rendering static_pages/root.html.erb within layouts/application
  Rendered static_pages/root.html.erb within layouts/application (0.2ms)
Completed 200 OK in 19ms (Views: 17.2ms | ActiveRecord: 0.0ms)


  [1m[36mUser Load (0.3ms)[0m  [1m[34mSELECT "users".* FROM "users"[0m
  [1m[36mUser Load (0.3ms)[0m  [1m[34mSELECT "users".* FROM "users"[0m
  [1m[35m (0.1ms)[0m  [1m[35mBEGIN[0m
  [1m[36mUser Destroy (0.2ms)[0m  [1m[31mDELETE FROM "users" WHERE "users"."id" = $1[0m  [["id", 4]]
  [1m[35m (5.7ms)[0m  [1m[35mCOMMIT[0m
  [1m[35m (0.3ms)[0m  [1m[34mSELECT COUNT(*) FROM "users"[0m
Started POST "/api/users" for ::1 at 2020-07-27 16:15:53 -0400
Processing by Api::UsersController#create as JSON
  Parameters: {"user"=>{"email"=>"hello@test.com", "firstName"=>"nara", "lastName"=>"lee", "password"=>"[FILTERED]"}}
  [1m[35m (0.1ms)[0m  [1m[35mBEGIN[0m
  ↳ app/controllers/api/users_controller.rb:5
  [1m[36mUser Exists (0.2ms)[0m  [1m[34mSELECT  1 AS one FROM "users" WHERE "users"."email" = $1 LIMIT $2[0m  [["email", "hello@test.com"], ["LIMIT", 1]]
  ↳ app/controllers/api/users_controller.rb:5
  [1m[36mUser Exists (0.2ms)[0m  [1m[34mSELECT  1 AS one FROM "users" WHERE "users"."password_digest" = $1 LIMIT $2[0m  [["password_digest", "$2a$12$FnohjZAPXv8VhniZVUTleOnufzvRRAYimm1xcjSN0iof123nKV3Ni"], ["LIMIT", 1]]
  ↳ app/controllers/api/users_controller.rb:5
  [1m[36mUser Create (0.2ms)[0m  [1m[32mINSERT INTO "users" ("email", "firstName", "lastName", "password_digest", "session_token", "created_at", "updated_at") VALUES ($1, $2, $3, $4, $5, $6, $7) RETURNING "id"[0m  [["email", "hello@test.com"], ["firstName", "nara"], ["lastName", "lee"], ["password_digest", "$2a$12$FnohjZAPXv8VhniZVUTleOnufzvRRAYimm1xcjSN0iof123nKV3Ni"], ["session_token", "0qBC-N7tQVw4YSaMUCepXw"], ["created_at", "2020-07-27 20:15:53.441901"], ["updated_at", "2020-07-27 20:15:53.441901"]]
  ↳ app/controllers/api/users_controller.rb:5
  [1m[35m (5.7ms)[0m  [1m[35mCOMMIT[0m
  ↳ app/controllers/api/users_controller.rb:5
  [1m[35m (0.1ms)[0m  [1m[35mBEGIN[0m
  ↳ app/models/user.rb:32
  [1m[36mUser Exists (0.2ms)[0m  [1m[34mSELECT  1 AS one FROM "users" WHERE "users"."email" = $1 AND "users"."id" != $2 LIMIT $3[0m  [["email", "hello@test.com"], ["id", 5], ["LIMIT", 1]]
  ↳ app/models/user.rb:32
  [1m[36mUser Exists (0.2ms)[0m  [1m[34mSELECT  1 AS one FROM "users" WHERE "users"."password_digest" = $1 AND "users"."id" != $2 LIMIT $3[0m  [["password_digest", "$2a$12$FnohjZAPXv8VhniZVUTleOnufzvRRAYimm1xcjSN0iof123nKV3Ni"], ["id", 5], ["LIMIT", 1]]
  ↳ app/models/user.rb:32
  [1m[36mUser Update (0.2ms)[0m  [1m[33mUPDATE "users" SET "session_token" = $1, "updated_at" = $2 WHERE "users"."id" = $3[0m  [["session_token", "ta12-dalwkpiR9clPNgfBg"], ["updated_at", "2020-07-27 20:15:53.450177"], ["id", 5]]
  ↳ app/models/user.rb:32
  [1m[35m (0.2ms)[0m  [1m[35mCOMMIT[0m
  ↳ app/models/user.rb:32
No template found for Api::UsersController#create, rendering head :no_content
Completed 204 No Content in 260ms (ActiveRecord: 11.2ms)


  [1m[36mUser Load (0.3ms)[0m  [1m[34mSELECT "users".* FROM "users"[0m
Started POST "/api/users" for ::1 at 2020-07-27 16:16:52 -0400
Processing by Api::UsersController#create as JSON
  Parameters: {"user"=>{"email"=>"yellow@test.com", "firstName"=>"yellow", "lastName"=>"dark", "password"=>"[FILTERED]"}}
  [1m[35m (0.1ms)[0m  [1m[35mBEGIN[0m
  ↳ app/controllers/api/users_controller.rb:5
  [1m[36mUser Exists (0.2ms)[0m  [1m[34mSELECT  1 AS one FROM "users" WHERE "users"."email" = $1 LIMIT $2[0m  [["email", "yellow@test.com"], ["LIMIT", 1]]
  ↳ app/controllers/api/users_controller.rb:5
  [1m[36mUser Exists (0.1ms)[0m  [1m[34mSELECT  1 AS one FROM "users" WHERE "users"."password_digest" = $1 LIMIT $2[0m  [["password_digest", "$2a$12$zdKRmcL/1NrgkyfRiQuJUOcZP/ibbnBGlIcjjWl8tmYAFcUnS5qve"], ["LIMIT", 1]]
  ↳ app/controllers/api/users_controller.rb:5
  [1m[36mUser Create (0.2ms)[0m  [1m[32mINSERT INTO "users" ("email", "firstName", "lastName", "password_digest", "session_token", "created_at", "updated_at") VALUES ($1, $2, $3, $4, $5, $6, $7) RETURNING "id"[0m  [["email", "yellow@test.com"], ["firstName", "yellow"], ["lastName", "dark"], ["password_digest", "$2a$12$zdKRmcL/1NrgkyfRiQuJUOcZP/ibbnBGlIcjjWl8tmYAFcUnS5qve"], ["session_token", "gDazeSCeqOJlqyFBDycC8w"], ["created_at", "2020-07-27 20:16:52.305669"], ["updated_at", "2020-07-27 20:16:52.305669"]]
  ↳ app/controllers/api/users_controller.rb:5
  [1m[35m (5.7ms)[0m  [1m[35mCOMMIT[0m
  ↳ app/controllers/api/users_controller.rb:5
  [1m[35m (0.1ms)[0m  [1m[35mBEGIN[0m
  ↳ app/models/user.rb:32
  [1m[36mUser Exists (0.3ms)[0m  [1m[34mSELECT  1 AS one FROM "users" WHERE "users"."email" = $1 AND "users"."id" != $2 LIMIT $3[0m  [["email", "yellow@test.com"], ["id", 6], ["LIMIT", 1]]
  ↳ app/models/user.rb:32
  [1m[36mUser Exists (0.2ms)[0m  [1m[34mSELECT  1 AS one FROM "users" WHERE "users"."password_digest" = $1 AND "users"."id" != $2 LIMIT $3[0m  [["password_digest", "$2a$12$zdKRmcL/1NrgkyfRiQuJUOcZP/ibbnBGlIcjjWl8tmYAFcUnS5qve"], ["id", 6], ["LIMIT", 1]]
  ↳ app/models/user.rb:32
  [1m[36mUser Update (0.2ms)[0m  [1m[33mUPDATE "users" SET "session_token" = $1, "updated_at" = $2 WHERE "users"."id" = $3[0m  [["session_token", "3GPkZS_hAhy7uckzgU4JnQ"], ["updated_at", "2020-07-27 20:16:52.313768"], ["id", 6]]
  ↳ app/models/user.rb:32
  [1m[35m (0.2ms)[0m  [1m[35mCOMMIT[0m
  ↳ app/models/user.rb:32
No template found for Api::UsersController#create, rendering head :no_content
Completed 204 No Content in 246ms (ActiveRecord: 7.3ms)


  [1m[36mUser Load (0.3ms)[0m  [1m[34mSELECT "users".* FROM "users"[0m
  [1m[35m (0.3ms)[0m  [1m[34mSELECT COUNT(*) FROM "users"[0m
  [1m[36mUser Load (0.3ms)[0m  [1m[34mSELECT "users".* FROM "users"[0m
  [1m[35m (0.1ms)[0m  [1m[35mBEGIN[0m
  [1m[36mUser Destroy (0.2ms)[0m  [1m[31mDELETE FROM "users" WHERE "users"."id" = $1[0m  [["id", 5]]
  [1m[35m (5.6ms)[0m  [1m[35mCOMMIT[0m
  [1m[35m (0.1ms)[0m  [1m[35mBEGIN[0m
  [1m[36mUser Destroy (0.2ms)[0m  [1m[31mDELETE FROM "users" WHERE "users"."id" = $1[0m  [["id", 6]]
  [1m[35m (0.2ms)[0m  [1m[35mCOMMIT[0m
  [1m[35m (0.3ms)[0m  [1m[34mSELECT COUNT(*) FROM "users"[0m
Started GET "/" for ::1 at 2020-07-27 16:17:44 -0400
Processing by StaticPagesController#root as HTML
  Rendering static_pages/root.html.erb within layouts/application
  Rendered static_pages/root.html.erb within layouts/application (0.2ms)
Completed 200 OK in 19ms (Views: 17.6ms | ActiveRecord: 0.0ms)


Started POST "/api/users" for ::1 at 2020-07-27 16:17:48 -0400
Processing by Api::UsersController#create as JSON
  Parameters: {"user"=>{"email"=>"hello@test.com", "firstName"=>"nara", "lastName"=>"lee", "password"=>"[FILTERED]"}}
  [1m[35m (0.1ms)[0m  [1m[35mBEGIN[0m
  ↳ app/controllers/api/users_controller.rb:5
  [1m[36mUser Exists (0.2ms)[0m  [1m[34mSELECT  1 AS one FROM "users" WHERE "users"."email" = $1 LIMIT $2[0m  [["email", "hello@test.com"], ["LIMIT", 1]]
  ↳ app/controllers/api/users_controller.rb:5
  [1m[36mUser Exists (0.1ms)[0m  [1m[34mSELECT  1 AS one FROM "users" WHERE "users"."password_digest" = $1 LIMIT $2[0m  [["password_digest", "$2a$12$jKyLJ/03yhurUcIaw9kjRuwEVq15W4fpzFOjaXw1dVoQjzJMMH.YS"], ["LIMIT", 1]]
  ↳ app/controllers/api/users_controller.rb:5
  [1m[36mUser Create (0.2ms)[0m  [1m[32mINSERT INTO "users" ("email", "firstName", "lastName", "password_digest", "session_token", "created_at", "updated_at") VALUES ($1, $2, $3, $4, $5, $6, $7) RETURNING "id"[0m  [["email", "hello@test.com"], ["firstName", "nara"], ["lastName", "lee"], ["password_digest", "$2a$12$jKyLJ/03yhurUcIaw9kjRuwEVq15W4fpzFOjaXw1dVoQjzJMMH.YS"], ["session_token", "4uWpW8qz7KxS5dktsULloQ"], ["created_at", "2020-07-27 20:17:49.182678"], ["updated_at", "2020-07-27 20:17:49.182678"]]
  ↳ app/controllers/api/users_controller.rb:5
  [1m[35m (5.7ms)[0m  [1m[35mCOMMIT[0m
  ↳ app/controllers/api/users_controller.rb:5
Completed 200 OK in 187ms (Views: 0.1ms | ActiveRecord: 10.0ms)


Started POST "/api/users" for ::1 at 2020-07-27 16:17:59 -0400
Processing by Api::UsersController#create as JSON
  Parameters: {"user"=>{"email"=>"yellow@test.com", "firstName"=>"yellow", "lastName"=>"dark", "password"=>"[FILTERED]"}}
  [1m[35m (0.1ms)[0m  [1m[35mBEGIN[0m
  ↳ app/controllers/api/users_controller.rb:5
  [1m[36mUser Exists (0.2ms)[0m  [1m[34mSELECT  1 AS one FROM "users" WHERE "users"."email" = $1 LIMIT $2[0m  [["email", "yellow@test.com"], ["LIMIT", 1]]
  ↳ app/controllers/api/users_controller.rb:5
  [1m[36mUser Exists (0.1ms)[0m  [1m[34mSELECT  1 AS one FROM "users" WHERE "users"."password_digest" = $1 LIMIT $2[0m  [["password_digest", "$2a$12$341CU3w50MG/ZGas8yr7bebXcXeG4G42GeqOu5puEher3WJRRX.JW"], ["LIMIT", 1]]
  ↳ app/controllers/api/users_controller.rb:5
  [1m[36mUser Create (0.2ms)[0m  [1m[32mINSERT INTO "users" ("email", "firstName", "lastName", "password_digest", "session_token", "created_at", "updated_at") VALUES ($1, $2, $3, $4, $5, $6, $7) RETURNING "id"[0m  [["email", "yellow@test.com"], ["firstName", "yellow"], ["lastName", "dark"], ["password_digest", "$2a$12$341CU3w50MG/ZGas8yr7bebXcXeG4G42GeqOu5puEher3WJRRX.JW"], ["session_token", "X0ZKq6C_5InXirzp7W8U4w"], ["created_at", "2020-07-27 20:17:59.750695"], ["updated_at", "2020-07-27 20:17:59.750695"]]
  ↳ app/controllers/api/users_controller.rb:5
  [1m[35m (5.7ms)[0m  [1m[35mCOMMIT[0m
  ↳ app/controllers/api/users_controller.rb:5
Completed 200 OK in 169ms (Views: 0.1ms | ActiveRecord: 6.3ms)


Started POST "/api/session" for ::1 at 2020-07-27 16:18:11 -0400
Processing by Api::SessionsController#create as JSON
  Parameters: {"user"=>{"email"=>"hello@test.com", "firstName"=>"nara", "lastName"=>"lee", "password"=>"[FILTERED]"}}
  [1m[36mUser Load (0.2ms)[0m  [1m[34mSELECT  "users".* FROM "users" WHERE "users"."email" IS NULL LIMIT $1[0m  [["LIMIT", 1]]
  ↳ app/models/user.rb:12
Completed 401 Unauthorized in 1ms (Views: 0.1ms | ActiveRecord: 0.2ms)


Started GET "/" for ::1 at 2020-07-27 16:19:19 -0400
Processing by StaticPagesController#root as HTML
  Rendering static_pages/root.html.erb within layouts/application
  Rendered static_pages/root.html.erb within layouts/application (0.2ms)
Completed 200 OK in 19ms (Views: 17.8ms | ActiveRecord: 0.0ms)


  [1m[36mUser Load (0.3ms)[0m  [1m[34mSELECT "users".* FROM "users"[0m
  [1m[35m (0.1ms)[0m  [1m[35mBEGIN[0m
  [1m[36mUser Destroy (0.2ms)[0m  [1m[31mDELETE FROM "users" WHERE "users"."id" = $1[0m  [["id", 7]]
  [1m[35m (5.6ms)[0m  [1m[35mCOMMIT[0m
  [1m[35m (0.1ms)[0m  [1m[35mBEGIN[0m
  [1m[36mUser Destroy (0.3ms)[0m  [1m[31mDELETE FROM "users" WHERE "users"."id" = $1[0m  [["id", 8]]
  [1m[35m (0.2ms)[0m  [1m[35mCOMMIT[0m
Started POST "/api/users" for ::1 at 2020-07-27 16:19:27 -0400
Processing by Api::UsersController#create as JSON
  Parameters: {"user"=>{"email"=>"hello@test.com", "firstName"=>"nara", "lastName"=>"lee", "password"=>"[FILTERED]"}}
  [1m[35m (0.1ms)[0m  [1m[35mBEGIN[0m
  ↳ app/controllers/api/users_controller.rb:5
  [1m[36mUser Exists (0.2ms)[0m  [1m[34mSELECT  1 AS one FROM "users" WHERE "users"."email" = $1 LIMIT $2[0m  [["email", "hello@test.com"], ["LIMIT", 1]]
  ↳ app/controllers/api/users_controller.rb:5
  [1m[36mUser Exists (0.1ms)[0m  [1m[34mSELECT  1 AS one FROM "users" WHERE "users"."password_digest" = $1 LIMIT $2[0m  [["password_digest", "$2a$12$SFgdzHDB4sybgEqzTD8AeO5jELrVq8OGi8/hfypUmwFbhhUb3ompa"], ["LIMIT", 1]]
  ↳ app/controllers/api/users_controller.rb:5
  [1m[36mUser Create (0.2ms)[0m  [1m[32mINSERT INTO "users" ("email", "firstName", "lastName", "password_digest", "session_token", "created_at", "updated_at") VALUES ($1, $2, $3, $4, $5, $6, $7) RETURNING "id"[0m  [["email", "hello@test.com"], ["firstName", "nara"], ["lastName", "lee"], ["password_digest", "$2a$12$SFgdzHDB4sybgEqzTD8AeO5jELrVq8OGi8/hfypUmwFbhhUb3ompa"], ["session_token", "PS7SaCq0F4UlEzIe9nFnbw"], ["created_at", "2020-07-27 20:19:27.963403"], ["updated_at", "2020-07-27 20:19:27.963403"]]
  ↳ app/controllers/api/users_controller.rb:5
  [1m[35m (0.2ms)[0m  [1m[35mCOMMIT[0m
  ↳ app/controllers/api/users_controller.rb:5
Completed 200 OK in 173ms (Views: 0.1ms | ActiveRecord: 4.1ms)


Started POST "/api/users" for ::1 at 2020-07-27 16:19:32 -0400
Processing by Api::UsersController#create as JSON
  Parameters: {"user"=>{"email"=>"yellow@test.com", "firstName"=>"yellow", "lastName"=>"dark", "password"=>"[FILTERED]"}}
  [1m[35m (0.1ms)[0m  [1m[35mBEGIN[0m
  ↳ app/controllers/api/users_controller.rb:5
  [1m[36mUser Exists (0.2ms)[0m  [1m[34mSELECT  1 AS one FROM "users" WHERE "users"."email" = $1 LIMIT $2[0m  [["email", "yellow@test.com"], ["LIMIT", 1]]
  ↳ app/controllers/api/users_controller.rb:5
  [1m[36mUser Exists (0.1ms)[0m  [1m[34mSELECT  1 AS one FROM "users" WHERE "users"."password_digest" = $1 LIMIT $2[0m  [["password_digest", "$2a$12$M/JXZnA/OKB3NmaFZw/2ROjQF1cJq9GCnww/YhZv3yPdxlPyheVs."], ["LIMIT", 1]]
  ↳ app/controllers/api/users_controller.rb:5
  [1m[36mUser Create (0.2ms)[0m  [1m[32mINSERT INTO "users" ("email", "firstName", "lastName", "password_digest", "session_token", "created_at", "updated_at") VALUES ($1, $2, $3, $4, $5, $6, $7) RETURNING "id"[0m  [["email", "yellow@test.com"], ["firstName", "yellow"], ["lastName", "dark"], ["password_digest", "$2a$12$M/JXZnA/OKB3NmaFZw/2ROjQF1cJq9GCnww/YhZv3yPdxlPyheVs."], ["session_token", "x7SLK7_QBQWXLTMlN2Sr_g"], ["created_at", "2020-07-27 20:19:32.642429"], ["updated_at", "2020-07-27 20:19:32.642429"]]
  ↳ app/controllers/api/users_controller.rb:5
  [1m[35m (5.6ms)[0m  [1m[35mCOMMIT[0m
  ↳ app/controllers/api/users_controller.rb:5
Completed 200 OK in 170ms (Views: 0.1ms | ActiveRecord: 6.3ms)


Started POST "/api/session" for ::1 at 2020-07-27 16:19:35 -0400
Processing by Api::SessionsController#create as JSON
  Parameters: {"user"=>{"email"=>"hello@test.com", "firstName"=>"nara", "lastName"=>"lee", "password"=>"[FILTERED]"}}
  [1m[36mUser Load (0.2ms)[0m  [1m[34mSELECT  "users".* FROM "users" WHERE "users"."email" = $1 LIMIT $2[0m  [["email", "hello@test.com"], ["LIMIT", 1]]
  ↳ app/models/user.rb:12
  [1m[35m (0.1ms)[0m  [1m[35mBEGIN[0m
  ↳ app/models/user.rb:32
  [1m[36mUser Exists (0.2ms)[0m  [1m[34mSELECT  1 AS one FROM "users" WHERE "users"."email" = $1 AND "users"."id" != $2 LIMIT $3[0m  [["email", "hello@test.com"], ["id", 9], ["LIMIT", 1]]
  ↳ app/models/user.rb:32
  [1m[36mUser Exists (0.2ms)[0m  [1m[34mSELECT  1 AS one FROM "users" WHERE "users"."password_digest" = $1 AND "users"."id" != $2 LIMIT $3[0m  [["password_digest", "$2a$12$SFgdzHDB4sybgEqzTD8AeO5jELrVq8OGi8/hfypUmwFbhhUb3ompa"], ["id", 9], ["LIMIT", 1]]
  ↳ app/models/user.rb:32
  [1m[36mUser Update (0.3ms)[0m  [1m[33mUPDATE "users" SET "session_token" = $1, "updated_at" = $2 WHERE "users"."id" = $3[0m  [["session_token", "BPkL54dPwYIBQrEYgpYNww"], ["updated_at", "2020-07-27 20:19:35.965340"], ["id", 9]]
  ↳ app/models/user.rb:32
  [1m[35m (1.7ms)[0m  [1m[35mCOMMIT[0m
  ↳ app/models/user.rb:32
Completed 200 OK in 167ms (Views: 0.1ms | ActiveRecord: 2.7ms)


Started DELETE "/api/session" for ::1 at 2020-07-27 16:19:43 -0400
Processing by Api::SessionsController#destroy as JSON
  [1m[36mUser Load (0.2ms)[0m  [1m[34mSELECT  "users".* FROM "users" WHERE "users"."session_token" = $1 LIMIT $2[0m  [["session_token", "BPkL54dPwYIBQrEYgpYNww"], ["LIMIT", 1]]
  ↳ app/controllers/application_controller.rb:6
  [1m[35m (0.1ms)[0m  [1m[35mBEGIN[0m
  ↳ app/models/user.rb:32
  [1m[36mUser Exists (0.2ms)[0m  [1m[34mSELECT  1 AS one FROM "users" WHERE "users"."email" = $1 AND "users"."id" != $2 LIMIT $3[0m  [["email", "hello@test.com"], ["id", 9], ["LIMIT", 1]]
  ↳ app/models/user.rb:32
  [1m[36mUser Exists (0.2ms)[0m  [1m[34mSELECT  1 AS one FROM "users" WHERE "users"."password_digest" = $1 AND "users"."id" != $2 LIMIT $3[0m  [["password_digest", "$2a$12$SFgdzHDB4sybgEqzTD8AeO5jELrVq8OGi8/hfypUmwFbhhUb3ompa"], ["id", 9], ["LIMIT", 1]]
  ↳ app/models/user.rb:32
  [1m[36mUser Update (0.3ms)[0m  [1m[33mUPDATE "users" SET "session_token" = $1, "updated_at" = $2 WHERE "users"."id" = $3[0m  [["session_token", "Q5KxzVg0dtQOzdO4rYqzPg"], ["updated_at", "2020-07-27 20:19:43.762754"], ["id", 9]]
  ↳ app/models/user.rb:32
  [1m[35m (1.9ms)[0m  [1m[35mCOMMIT[0m
  ↳ app/models/user.rb:32
Completed 200 OK in 9ms (Views: 0.1ms | ActiveRecord: 2.9ms)


Started GET "/" for ::1 at 2020-07-27 17:03:39 -0400
Processing by StaticPagesController#root as HTML
  Rendering static_pages/root.html.erb within layouts/application
  Rendered static_pages/root.html.erb within layouts/application (0.2ms)
Completed 200 OK in 20ms (Views: 17.9ms | ActiveRecord: 0.0ms)


  [1m[36mUser Load (0.3ms)[0m  [1m[34mSELECT "users".* FROM "users"[0m
  [1m[35m (0.1ms)[0m  [1m[35mBEGIN[0m
  [1m[36mUser Destroy (0.2ms)[0m  [1m[31mDELETE FROM "users" WHERE "users"."id" = $1[0m  [["id", 10]]
  [1m[35m (5.6ms)[0m  [1m[35mCOMMIT[0m
  [1m[35m (0.1ms)[0m  [1m[35mBEGIN[0m
  [1m[36mUser Destroy (0.2ms)[0m  [1m[31mDELETE FROM "users" WHERE "users"."id" = $1[0m  [["id", 9]]
  [1m[35m (0.3ms)[0m  [1m[35mCOMMIT[0m
Started POST "/api/users" for ::1 at 2020-07-27 17:03:58 -0400
Processing by Api::UsersController#create as JSON
  Parameters: {"user"=>{"email"=>"hello@test.com", "firstName"=>"nara", "lastName"=>"lee", "password"=>"[FILTERED]"}}
  [1m[35m (0.1ms)[0m  [1m[35mBEGIN[0m
  ↳ app/controllers/api/users_controller.rb:5
  [1m[36mUser Exists (0.7ms)[0m  [1m[34mSELECT  1 AS one FROM "users" WHERE "users"."email" = $1 LIMIT $2[0m  [["email", "hello@test.com"], ["LIMIT", 1]]
  ↳ app/controllers/api/users_controller.rb:5
  [1m[36mUser Exists (0.2ms)[0m  [1m[34mSELECT  1 AS one FROM "users" WHERE "users"."password_digest" = $1 LIMIT $2[0m  [["password_digest", "$2a$12$pPP9KoKZOC3X1xA0qXghhOWQxCAZPDbbIVFiyuAcULgbfb6QUK6Ve"], ["LIMIT", 1]]
  ↳ app/controllers/api/users_controller.rb:5
  [1m[36mUser Create (0.3ms)[0m  [1m[32mINSERT INTO "users" ("email", "firstName", "lastName", "password_digest", "session_token", "created_at", "updated_at") VALUES ($1, $2, $3, $4, $5, $6, $7) RETURNING "id"[0m  [["email", "hello@test.com"], ["firstName", "nara"], ["lastName", "lee"], ["password_digest", "$2a$12$pPP9KoKZOC3X1xA0qXghhOWQxCAZPDbbIVFiyuAcULgbfb6QUK6Ve"], ["session_token", "U7Rg3NVLZXYrjgEP96J1GA"], ["created_at", "2020-07-27 21:03:59.175365"], ["updated_at", "2020-07-27 21:03:59.175365"]]
  ↳ app/controllers/api/users_controller.rb:5
  [1m[35m (5.8ms)[0m  [1m[35mCOMMIT[0m
  ↳ app/controllers/api/users_controller.rb:5
  [1m[35m (0.1ms)[0m  [1m[35mBEGIN[0m
  ↳ app/models/user.rb:32
  [1m[36mUser Exists (0.3ms)[0m  [1m[34mSELECT  1 AS one FROM "users" WHERE "users"."email" = $1 AND "users"."id" != $2 LIMIT $3[0m  [["email", "hello@test.com"], ["id", 11], ["LIMIT", 1]]
  ↳ app/models/user.rb:32
  [1m[36mUser Exists (0.2ms)[0m  [1m[34mSELECT  1 AS one FROM "users" WHERE "users"."password_digest" = $1 AND "users"."id" != $2 LIMIT $3[0m  [["password_digest", "$2a$12$pPP9KoKZOC3X1xA0qXghhOWQxCAZPDbbIVFiyuAcULgbfb6QUK6Ve"], ["id", 11], ["LIMIT", 1]]
  ↳ app/models/user.rb:32
  [1m[36mUser Update (0.3ms)[0m  [1m[33mUPDATE "users" SET "session_token" = $1, "updated_at" = $2 WHERE "users"."id" = $3[0m  [["session_token", "Mvd3dzCJh8MgMhVTzoTXnw"], ["updated_at", "2020-07-27 21:03:59.183695"], ["id", 11]]
  ↳ app/models/user.rb:32
  [1m[35m (0.2ms)[0m  [1m[35mCOMMIT[0m
  ↳ app/models/user.rb:32
Completed 200 OK in 184ms (Views: 0.1ms | ActiveRecord: 13.7ms)


Started GET "/" for ::1 at 2020-07-27 19:08:22 -0400
  [1m[35m (6.3ms)[0m  [1m[34mSELECT "schema_migrations"."version" FROM "schema_migrations" ORDER BY "schema_migrations"."version" ASC[0m
  ↳ /Users/nara/.rbenv/versions/2.5.1/lib/ruby/gems/2.5.0/gems/activerecord-5.2.4.3/lib/active_record/log_subscriber.rb:98
Processing by StaticPagesController#root as HTML
  Rendering static_pages/root.html.erb within layouts/application
  Rendered static_pages/root.html.erb within layouts/application (0.4ms)
Completed 200 OK in 802ms (Views: 800.5ms | ActiveRecord: 0.0ms)


Started GET "/" for ::1 at 2020-07-27 19:09:03 -0400
  [1m[35m (0.6ms)[0m  [1m[34mSELECT "schema_migrations"."version" FROM "schema_migrations" ORDER BY "schema_migrations"."version" ASC[0m
  ↳ /Users/nara/.rbenv/versions/2.5.1/lib/ruby/gems/2.5.0/gems/activerecord-5.2.4.3/lib/active_record/log_subscriber.rb:98
Processing by StaticPagesController#root as HTML
  Rendering static_pages/root.html.erb within layouts/application
  Rendered static_pages/root.html.erb within layouts/application (0.5ms)
Completed 200 OK in 473ms (Views: 472.0ms | ActiveRecord: 0.0ms)


Started GET "/" for ::1 at 2020-07-27 19:11:08 -0400
Processing by StaticPagesController#root as HTML
  Rendering static_pages/root.html.erb within layouts/application
  Rendered static_pages/root.html.erb within layouts/application (0.2ms)
Completed 200 OK in 18ms (Views: 16.4ms | ActiveRecord: 0.0ms)


  [1m[36mUser Load (0.5ms)[0m  [1m[34mSELECT "users".* FROM "users"[0m
  [1m[35m (0.5ms)[0m  [1m[34mSELECT COUNT(*) FROM "users"[0m
Started GET "/" for ::1 at 2020-07-27 19:40:26 -0400
Processing by StaticPagesController#root as HTML
  Rendering static_pages/root.html.erb within layouts/application
  Rendered static_pages/root.html.erb within layouts/application (0.2ms)
Completed 200 OK in 243ms (Views: 241.2ms | ActiveRecord: 0.0ms)


Started GET "/" for ::1 at 2020-07-27 19:41:07 -0400
Processing by StaticPagesController#root as HTML
  Rendering static_pages/root.html.erb within layouts/application
  Rendered static_pages/root.html.erb within layouts/application (0.2ms)
Completed 200 OK in 228ms (Views: 226.5ms | ActiveRecord: 0.0ms)


Started GET "/" for ::1 at 2020-07-27 19:41:28 -0400
Processing by StaticPagesController#root as HTML
  Rendering static_pages/root.html.erb within layouts/application
  Rendered static_pages/root.html.erb within layouts/application (0.5ms)
Completed 200 OK in 237ms (Views: 234.9ms | ActiveRecord: 0.0ms)


Started GET "/" for ::1 at 2020-07-27 19:41:40 -0400
Processing by StaticPagesController#root as HTML
  Rendering static_pages/root.html.erb within layouts/application
  Rendered static_pages/root.html.erb within layouts/application (0.2ms)
Completed 200 OK in 236ms (Views: 233.5ms | ActiveRecord: 0.0ms)


Started GET "/" for ::1 at 2020-07-27 19:42:08 -0400
Processing by StaticPagesController#root as HTML
  Rendering static_pages/root.html.erb within layouts/application
  Rendered static_pages/root.html.erb within layouts/application (0.2ms)
Completed 200 OK in 27ms (Views: 24.7ms | ActiveRecord: 0.0ms)


Started GET "/" for ::1 at 2020-07-27 19:42:48 -0400
Processing by StaticPagesController#root as HTML
  Rendering static_pages/root.html.erb within layouts/application
  Rendered static_pages/root.html.erb within layouts/application (0.2ms)
Completed 200 OK in 235ms (Views: 233.4ms | ActiveRecord: 0.0ms)


Started GET "/" for ::1 at 2020-07-27 19:46:43 -0400
Processing by StaticPagesController#root as HTML
  Rendering static_pages/root.html.erb within layouts/application
  Rendered static_pages/root.html.erb within layouts/application (0.2ms)
Completed 200 OK in 26ms (Views: 24.1ms | ActiveRecord: 0.0ms)


Started GET "/" for ::1 at 2020-07-27 20:08:26 -0400
Processing by StaticPagesController#root as HTML
  Rendering static_pages/root.html.erb within layouts/application
  Rendered static_pages/root.html.erb within layouts/application (0.2ms)
Completed 200 OK in 19ms (Views: 17.0ms | ActiveRecord: 0.0ms)


Started GET "/" for ::1 at 2020-07-27 20:08:41 -0400
Processing by StaticPagesController#root as HTML
  Rendering static_pages/root.html.erb within layouts/application
  Rendered static_pages/root.html.erb within layouts/application (0.2ms)
Completed 200 OK in 226ms (Views: 224.8ms | ActiveRecord: 0.0ms)


Started GET "/" for ::1 at 2020-07-27 20:09:03 -0400
Processing by StaticPagesController#root as HTML
  Rendering static_pages/root.html.erb within layouts/application
  Rendered static_pages/root.html.erb within layouts/application (0.2ms)
Completed 200 OK in 228ms (Views: 226.5ms | ActiveRecord: 0.0ms)


Started GET "/" for ::1 at 2020-07-27 20:09:18 -0400
Processing by StaticPagesController#root as HTML
  Rendering static_pages/root.html.erb within layouts/application
  Rendered static_pages/root.html.erb within layouts/application (0.2ms)
Completed 200 OK in 21ms (Views: 18.7ms | ActiveRecord: 0.0ms)


Started GET "/" for ::1 at 2020-07-27 20:09:46 -0400
Processing by StaticPagesController#root as HTML
  Rendering static_pages/root.html.erb within layouts/application
  Rendered static_pages/root.html.erb within layouts/application (0.2ms)
Completed 200 OK in 225ms (Views: 223.5ms | ActiveRecord: 0.0ms)


Started GET "/" for ::1 at 2020-07-27 20:10:50 -0400
Processing by StaticPagesController#root as HTML
  Rendering static_pages/root.html.erb within layouts/application
  Rendered static_pages/root.html.erb within layouts/application (0.2ms)
Completed 200 OK in 231ms (Views: 229.2ms | ActiveRecord: 0.0ms)


Started GET "/" for ::1 at 2020-07-27 20:11:19 -0400
Processing by StaticPagesController#root as HTML
  Rendering static_pages/root.html.erb within layouts/application
  Rendered static_pages/root.html.erb within layouts/application (0.2ms)
Completed 200 OK in 226ms (Views: 224.9ms | ActiveRecord: 0.0ms)


Started GET "/" for ::1 at 2020-07-27 20:12:06 -0400
Processing by StaticPagesController#root as HTML
  Rendering static_pages/root.html.erb within layouts/application
  Rendered static_pages/root.html.erb within layouts/application (0.2ms)
Completed 200 OK in 227ms (Views: 225.8ms | ActiveRecord: 0.0ms)


Started GET "/" for ::1 at 2020-07-27 20:16:01 -0400
Processing by StaticPagesController#root as HTML
  Rendering static_pages/root.html.erb within layouts/application
  Rendered static_pages/root.html.erb within layouts/application (0.2ms)
Completed 200 OK in 21ms (Views: 19.3ms | ActiveRecord: 0.0ms)


Started GET "/" for ::1 at 2020-07-27 20:16:46 -0400
Processing by StaticPagesController#root as HTML
  Rendering static_pages/root.html.erb within layouts/application
  Rendered static_pages/root.html.erb within layouts/application (0.2ms)
Completed 200 OK in 225ms (Views: 224.0ms | ActiveRecord: 0.0ms)


Started GET "/" for ::1 at 2020-07-27 20:21:26 -0400
  [1m[35m (1.1ms)[0m  [1m[34mSELECT "schema_migrations"."version" FROM "schema_migrations" ORDER BY "schema_migrations"."version" ASC[0m
  ↳ /Users/nara/.rbenv/versions/2.5.1/lib/ruby/gems/2.5.0/gems/activerecord-5.2.4.3/lib/active_record/log_subscriber.rb:98
Processing by StaticPagesController#root as HTML
  Rendering static_pages/root.html.erb within layouts/application
  Rendered static_pages/root.html.erb within layouts/application (0.5ms)
Completed 200 OK in 873ms (Views: 871.2ms | ActiveRecord: 0.0ms)


Started GET "/" for ::1 at 2020-07-27 20:22:47 -0400
Processing by StaticPagesController#root as HTML
  Rendering static_pages/root.html.erb within layouts/application
  Rendered static_pages/root.html.erb within layouts/application (2.2ms)
Completed 200 OK in 226ms (Views: 224.5ms | ActiveRecord: 0.0ms)


Started GET "/" for ::1 at 2020-07-27 20:23:51 -0400
Processing by StaticPagesController#root as HTML
  Rendering static_pages/root.html.erb within layouts/application
  Rendered static_pages/root.html.erb within layouts/application (0.2ms)
Completed 200 OK in 231ms (Views: 229.1ms | ActiveRecord: 0.0ms)


Started GET "/" for ::1 at 2020-07-27 20:29:17 -0400
Processing by StaticPagesController#root as HTML
  Rendering static_pages/root.html.erb within layouts/application
  Rendered static_pages/root.html.erb within layouts/application (0.2ms)
Completed 200 OK in 19ms (Views: 17.8ms | ActiveRecord: 0.0ms)


Started GET "/" for ::1 at 2020-07-27 20:32:21 -0400
  [1m[35m (0.5ms)[0m  [1m[34mSELECT "schema_migrations"."version" FROM "schema_migrations" ORDER BY "schema_migrations"."version" ASC[0m
  ↳ /Users/nara/.rbenv/versions/2.5.1/lib/ruby/gems/2.5.0/gems/activerecord-5.2.4.3/lib/active_record/log_subscriber.rb:98
Processing by StaticPagesController#root as HTML
  Rendering static_pages/root.html.erb within layouts/application
  Rendered static_pages/root.html.erb within layouts/application (0.4ms)
Completed 200 OK in 615ms (Views: 613.7ms | ActiveRecord: 0.0ms)


Started GET "/" for ::1 at 2020-07-28 10:54:46 -0400
  [1m[35m (2.1ms)[0m  [1m[34mSELECT "schema_migrations"."version" FROM "schema_migrations" ORDER BY "schema_migrations"."version" ASC[0m
  ↳ /Users/nara/.rbenv/versions/2.5.1/lib/ruby/gems/2.5.0/gems/activerecord-5.2.4.3/lib/active_record/log_subscriber.rb:98
Processing by StaticPagesController#root as HTML
  Rendering static_pages/root.html.erb within layouts/application
  Rendered static_pages/root.html.erb within layouts/application (0.7ms)
Completed 200 OK in 507ms (Views: 504.8ms | ActiveRecord: 0.0ms)


Started GET "/" for ::1 at 2020-07-28 10:55:32 -0400
Processing by StaticPagesController#root as HTML
  Rendering static_pages/root.html.erb within layouts/application
  Rendered static_pages/root.html.erb within layouts/application (0.2ms)
Completed 200 OK in 18ms (Views: 16.2ms | ActiveRecord: 0.0ms)


Started GET "/" for ::1 at 2020-07-28 10:55:42 -0400
Processing by StaticPagesController#root as HTML
  Rendering static_pages/root.html.erb within layouts/application
  Rendered static_pages/root.html.erb within layouts/application (0.2ms)
Completed 200 OK in 17ms (Views: 15.3ms | ActiveRecord: 0.0ms)


Started GET "/" for ::1 at 2020-07-28 11:01:40 -0400
Processing by StaticPagesController#root as HTML
  Rendering static_pages/root.html.erb within layouts/application
  Rendered static_pages/root.html.erb within layouts/application (0.2ms)
Completed 200 OK in 17ms (Views: 15.8ms | ActiveRecord: 0.0ms)


Started GET "/" for ::1 at 2020-07-28 11:02:30 -0400
Processing by StaticPagesController#root as HTML
  Rendering static_pages/root.html.erb within layouts/application
  Rendered static_pages/root.html.erb within layouts/application (0.2ms)
Completed 200 OK in 17ms (Views: 16.0ms | ActiveRecord: 0.0ms)


Started GET "/" for ::1 at 2020-07-28 11:02:39 -0400
Processing by StaticPagesController#root as HTML
  Rendering static_pages/root.html.erb within layouts/application
  Rendered static_pages/root.html.erb within layouts/application (0.2ms)
Completed 200 OK in 20ms (Views: 18.3ms | ActiveRecord: 0.0ms)


Started GET "/" for ::1 at 2020-07-28 11:06:53 -0400
Processing by StaticPagesController#root as HTML
  Rendering static_pages/root.html.erb within layouts/application
  Rendered static_pages/root.html.erb within layouts/application (0.2ms)
Completed 200 OK in 22ms (Views: 20.4ms | ActiveRecord: 0.0ms)


Started GET "/" for ::1 at 2020-07-28 11:06:59 -0400
Processing by StaticPagesController#root as HTML
  Rendering static_pages/root.html.erb within layouts/application
  Rendered static_pages/root.html.erb within layouts/application (0.2ms)
Completed 200 OK in 18ms (Views: 16.8ms | ActiveRecord: 0.0ms)


Started GET "/" for ::1 at 2020-07-28 11:15:53 -0400
Processing by StaticPagesController#root as HTML
  Rendering static_pages/root.html.erb within layouts/application
  Rendered static_pages/root.html.erb within layouts/application (0.2ms)
Completed 200 OK in 18ms (Views: 16.3ms | ActiveRecord: 0.0ms)


Started GET "/" for ::1 at 2020-07-28 11:16:51 -0400
Processing by StaticPagesController#root as HTML
  Rendering static_pages/root.html.erb within layouts/application
  Rendered static_pages/root.html.erb within layouts/application (0.2ms)
Completed 200 OK in 249ms (Views: 247.8ms | ActiveRecord: 0.0ms)


Started GET "/" for ::1 at 2020-07-28 11:17:26 -0400
Processing by StaticPagesController#root as HTML
  Rendering static_pages/root.html.erb within layouts/application
  Rendered static_pages/root.html.erb within layouts/application (0.2ms)
Completed 200 OK in 236ms (Views: 234.4ms | ActiveRecord: 0.0ms)


Started GET "/" for ::1 at 2020-07-28 11:18:25 -0400
Processing by StaticPagesController#root as HTML
  Rendering static_pages/root.html.erb within layouts/application
  Rendered static_pages/root.html.erb within layouts/application (0.2ms)
Completed 200 OK in 248ms (Views: 246.6ms | ActiveRecord: 0.0ms)


